 ================================================================
 A Fortran Electronic Structure Programme (AFESP)
 ================================================================
 Started running on 08/03/2022 at 17:14:49
 ----------------
 Integral read-in
 ----------------
 Getting number of basis functions...
 Allocating integral store...
 Reading overlap matrix...
 Reading kinetic integrals...
 Reading nuclear-electron integrals...
 Constructing core Hamiltonian...
 Reading two-body integrals...
 Done reading integrals!
 --------------------
 System information
 --------------------
 Number of electrons: 14
 Number of basis functions: 28
 Number of occupied orbitals: 7
 Number of virtual orbitals: 21
 E_nuc:  1.29648417E+01
 scf_e_tol: 1.00E-06
 scf_d_tol: 1.00E-07
 ccsd_e_tol: 1.00E-06
 ccsd_t_tol: 1.00E-07
 Number of SCF DIIS error matrices: 6
 Number of CCSD DIIS error matrices: 8
 Maximum number of SCF iterations: 150
 Maximum number of CCSD iterations: 200
 Printing out the input file...
------------------------------
&elsinput
calc_type="CRCCSD(T)_spatial",
scf_e_tol=1e-6,
scf_d_tol=1e-7,
scf_diis_n_errmat=6,
ccsd_e_tol=1e-6,
ccsd_t_tol=1e-7,
ccsd_diis_n_errmat=8,
scf_maxiter = 150,
ccsd_maxiter = 200,
write_fcidump = .false.,
scf_read_guess = .true.,
scf_write_guess = .true.
/
------------------------------
 Time taken for system initialisation:  0.0340s
 -----------------------
 Restricted Hartree-Fock
 -----------------------
 Reading previous AO Fock matrix as guess...
---------------------------------------------------------------------------
 Iteration        Energy           deltaE           delta RMS D      Time  
---------------------------------------------------------------------------
         1   -121.3049273398   -121.3049273398      1.9347590168   0.007364
         2   -121.2959892998      0.0089380400      0.0387625270   0.003551
         3   -121.2984399404     -0.0024506406      0.0048965036   0.004010
         4   -121.2941210232      0.0043189172      0.0014229265   0.004127
         5   -121.2956638553     -0.0015428321      0.0001910943   0.003841
         6   -121.2953779584      0.0002858969      0.0000452521   0.003624
         7   -121.2954246633     -0.0000467049      0.0000039258   0.003720
         8   -121.2954251211     -0.0000004578      0.0000025617   0.004071
         9   -121.2954240513      0.0000010698      0.0000011952   0.003826
        10   -121.2954237668      0.0000002845      0.0000011111   0.003871
        11   -121.2954242567     -0.0000004899      0.0000015914   0.003869
        12   -121.2954244155     -0.0000001587      0.0000000537   0.004074
---------------------------------------------------------------------------
 Convergence reached within tolerance.
 Final SCF Energy (Hartree):   -121.29542442
 Orbital energies (Hartree):
  28      2.64158072
  27      2.14104008
  26      2.14104008
  25      2.00888823
  24      2.00888823
  23      1.97267390
  22      1.97267390
  21      1.88753946
  20      1.88753946
  19      1.79367149
  18      1.32934365
  17      1.08796651
  16      0.99030191
  15      0.99030191
  14      0.95093732
  13      0.89596133
  12      0.87819532
  11      0.87819532
  10      0.03953025
   9     -0.08333231
   8     -0.08333231
   7     -0.40054056
   6     -0.40054056
   5     -0.47719597
   4     -0.96574449
   3     -1.09665984
   2    -15.82511369
   1    -15.82540372
 Writing AO Fock matrix for future use...
 Time taken for restricted Hartree-Fock:  0.0533s
 ----------
 MP2
 ----------
 Performing AO to MO ERI transformation...
 Calculating MP2 energy...
 MP2 correlation energy (Hartree):     -0.84594452
 Time taken for restricted MP2:  0.2202s
 ----------
 CCSD
 ----------
 Initialise CC intermediate tensors and DIIS auxilliary arrays...
 Forming energy denominator matrices...
 Allocating amplitude tensors...
 Forming ERI slices...
 Forming initial amplitude guesses...
 Allocating stored intermediate tensors...
 Time taken: 0.018013 s

 Initialisation done, now entering iterative CC solver...
---------------------------------------------------------------------------
 Iteration        Energy           deltaE          delta RMS T2      Time  
---------------------------------------------------------------------------
       MP1   -0.845944516411   -0.845944516411    0.619625659151
         1   -0.059028077267    0.786916439144    0.665582321230   0.084648
         2   -1.178991111609   -1.119963034342    1.529424028706   0.069988
         3   -0.531447986061    0.647543125548    0.465767504991   0.067307
         4   -0.570891629997   -0.039443643936    0.008834810269   0.067754
         5   -0.586087414001   -0.015195784004    0.010868910576   0.052643
         6   -0.593878178961   -0.007790764959    0.011718284902   0.059720
         7   -0.586906164495    0.006972014466    0.010541172140   0.075287
         8   -0.576228702861    0.010677461634    0.001926352909   0.078392
         9   -0.579578579142   -0.003349876281    0.000031598491   0.083344
        10   -0.581393346293   -0.001814767151    0.000098336712   0.081467
        11   -0.582065546623   -0.000672200331    0.000023111465   0.073445
        12   -0.581559999179    0.000505547444    0.000003642107   0.075541
        13   -0.581348623086    0.000211376094    0.000001160633   0.058751
        14   -0.581331517075    0.000017106011    0.000000013727   0.050063
        15   -0.581326745583    0.000004771492    0.000000000348   0.049453
        16   -0.581326735391    0.000000010192    0.000000000341   0.085103
        17   -0.581326348745    0.000000386646    0.000000000035   0.060333
        18   -0.581326449387   -0.000000100642    0.000000000009   0.058331
        19   -0.581326248666    0.000000200721    0.000000000001   0.056353
        20   -0.581326472612   -0.000000223946    0.000000000001   0.050988
        21   -0.581326476572   -0.000000003959    0.000000000000   0.052638
        22   -0.581326481865   -0.000000005294    0.000000000000   0.052592
---------------------------------------------------------------------------
 Convergence reached within tolerance.
 Final CCSD Energy (Hartree): -0.581326481865
 T1 diagnostic:  0.03235
 Significant multireference character detected, CCSD result might be unreliable!
 Time taken for restricted CCSD:  1.4829s
 ----------
 CCSD(T)
 ----------
 Restricted completely renormalised CCSD(T) correlation energy (Hartree):    -0.623814340
 Time taken for restricted completely renormalised CCSD(T):  0.6616s
 ================================================================
 Final energy breakdown
 RHF energy:                     -108.3305827541
 MP2 correlation energy:           -0.8459445164
 MP2 energy:                     -109.1765272705
 CCSD correlation energy:          -0.5813264819
 CCSD energy:                    -108.9119092359
 CCSD[T] correlation energy:       -0.6993574848
 CCSD[T] energy:                 -109.0299402389
 CCSD(T) correlation energy:       -0.6848274031
 CCSD(T) energy:                 -109.0154101572
 R-CCSD[T] correlation energy:     -0.6429617151
 R-CCSD[T] energy:               -108.9735444691
 R-CCSD(T) correlation energy:     -0.6352432081
 R-CCSD(T) energy:               -108.9658259622
 CR-CCSD[T] correlation energy:    -0.6287500679
 CR-CCSD[T] energy:              -108.9593328220
 CR-CCSD(T) correlation energy:    -0.6238143398
 CR-CCSD(T) energy:              -108.9543970939
 -----------------------------------------------
 T1 diagnostic:                     0.0323534020
 D[T]:                              1.9149923969
 D(T):                              1.9196440233
 -----------------------------------------------
 Total electronic energy:        -121.9192387553
 Nuclear repulsion:                12.9648416614
 Total energy:                   -108.9543970939
 ================================================================
 Finished running on 08/03/2022 at 17:14:52

