 ================================================================
 A Fortran Electronic Structure Programme (AFESP)
 ================================================================
 Started running on 15/02/2022 at 21:48:06
 ----------------
 Integral read-in
 ----------------
 Getting number of basis functions...
 Allocating integral store...
 Reading overlap matrix...
 Reading kinetic integrals...
 Reading nuclear-electron integrals...
 Constructing core Hamiltonian...
 Reading two-body integrals...
 Done reading integrals!
 --------------------
 System information
 --------------------
 Number of electrons: 10
 Number of basis functions: 24
 Number of occupied orbitals: 5
 Number of virtual orbitals: 19
 E_nuc:  6.28684192E+00
 scf_e_tol: 1.00E-06
 scf_d_tol: 1.00E-07
 ccsd_e_tol: 1.00E-06
 ccsd_t_tol: 1.00E-07
 Time taken for system initialisation:  0.0306s
 -----------------------
 Restricted Hartree-Fock
 -----------------------
 Iteration   1  -131.63364901
 Iteration   2   -63.42639295
 Iteration   3   -82.79372342
 Iteration   4   -84.70902994
 Iteration   5   -85.02543028
 Iteration   6   -83.85315020
 Iteration   7   -82.18386206
 Iteration   8   -82.12627834
 Iteration   9   -82.06185481
 Iteration  10   -82.05532757
 Iteration  11   -82.05514480
 Iteration  12   -82.05532083
 Iteration  13   -82.05531004
 Iteration  14   -82.05529963
 Iteration  15   -82.05530297
 Iteration  16   -82.05530169
 Convergence reached within tolerance.
 Final SCF Energy (Hartree):    -82.05530185
 Orbital energies (Hartree):
  24      3.62018793
  23      3.40663377
  22      3.08433161
  21      3.06446685
  20      3.05126251
  19      2.09523872
  18      1.87201538
  17      1.75639224
  16      1.72690305
  15      1.69143895
  14      1.59108535
  13      1.35737603
  12      1.33667337
  11      1.16264171
  10      1.16238571
   9      0.63447951
   8      0.62195384
   7      0.14302431
   6      0.07940952
   5     -0.49216583
   4     -0.49302415
   3     -0.53081736
   2     -1.19417819
   1    -20.61001190
 Time taken for restricted Hartree-Fock:  0.0450s
 ----------
 MP2
 ----------
 Performing AO to MO ERI transformation...
 Calculating MP2 energy...
 MP2 correlation energy (Hartree):     -0.23948688
 Time taken for restricted MP2:  0.0867s
 ----------
 CCSD
 ----------
 Initialise CC intermediate tensors and DIIS auxilliary arrays...
 Forming energy denominator matrices...
 Allocating amplitude tensors...
 Forming ERI slices...
 Forming initial amplitude guesses...
 Allocating stored intermediate tensors...
 Time taken: 0.007027 s

 Initialisation done, now entering iterative CC solver...
 Iteration  1  -0.239486875115  0.016707 s
 Iteration  2  -0.234397893147  0.006912 s
 Iteration  3  -0.247362335055  0.011324 s
 Iteration  4  -0.254217276267  0.010006 s
 Iteration  5  -0.254656877670  0.010859 s
 Iteration  6  -0.255001833946  0.010984 s
 Iteration  7  -0.255026069741  0.011233 s
 Iteration  8  -0.255054385189  0.010993 s
 Iteration  9  -0.255056990985  0.012085 s
 Iteration 10  -0.255056774457  0.011969 s
 Iteration 11  -0.255058799027  0.009400 s
 Iteration 12  -0.255058326033  0.007306 s
 Iteration 13  -0.255058461511  0.009613 s
 Iteration 14  -0.255058520430  0.010874 s
 Iteration 15  -0.255058561801  0.007062 s
 Iteration 16  -0.255058572027  0.006986 s
 Iteration 17  -0.255058562867  0.007130 s
 Convergence reached within tolerance.
 Final CCSD Energy (Hartree): -0.255058562867
 T1 diagnostic:  0.02060
 Significant multireference character detected, CCSD result might be unreliable!
 Time taken for restricted CCSD:  0.1804s
 ----------
 CCSD(T)
 ----------
 Restricted CCSD(T) correlation energy (Hartree):    -0.005254314
 Time taken for restricted CCSD(T):  0.0685s
 ================================================================
 Final energy breakdown
 E_HF:                     -75.7684599340
 E_MP2_corr:                -0.2394868751
 E_MP2:                    -76.0079468091
 E_CCSD_corr:               -0.2550585629
 E_CCSD:                   -76.0235184969
 E_(T):                     -0.0052543138
 E_CCSD(T):                -76.0287728106
 ----------------------------------------
 Total electronic energy:  -82.3156147304
 Nuclear repulsion:          6.2868419197
 Total energy:             -76.0287728106
 ================================================================
 Finished running on 15/02/2022 at 21:48:07

