 ================================================================
 A Fortran Electronic Structure Programme (AFESP)
 ================================================================
 Started running on 15/02/2022 at 21:48:00
 ----------------
 Integral read-in
 ----------------
 Getting number of basis functions...
 Allocating integral store...
 Reading overlap matrix...
 Reading kinetic integrals...
 Reading nuclear-electron integrals...
 Constructing core Hamiltonian...
 Reading two-body integrals...
 Done reading integrals!
 --------------------
 System information
 --------------------
 Number of electrons: 10
 Number of basis functions: 24
 Number of occupied orbitals: 5
 Number of virtual orbitals: 19
 E_nuc:  8.80157869E+00
 scf_e_tol: 1.00E-06
 scf_d_tol: 1.00E-07
 ccsd_e_tol: 1.00E-06
 ccsd_t_tol: 1.00E-07
 Time taken for system initialisation:  0.0329s
 -----------------------
 Restricted Hartree-Fock
 -----------------------
 Iteration   1  -134.85211492
 Iteration   2   -66.41296286
 Iteration   3   -85.70285082
 Iteration   4   -86.66304928
 Iteration   5   -86.00550879
 Iteration   6   -84.66787365
 Iteration   7   -84.72372096
 Iteration   8   -84.75522293
 Iteration   9   -84.75677298
 Iteration  10   -84.75695928
 Iteration  11   -84.75694970
 Iteration  12   -84.75695070
 Iteration  13   -84.75695124
 Convergence reached within tolerance.
 Final SCF Energy (Hartree):    -84.75695135
 Orbital energies (Hartree):
  24      4.18611847
  23      3.85112466
  22      3.50914783
  21      3.34102672
  20      3.28819390
  19      2.51060940
  18      2.45980977
  17      2.01365837
  16      1.80104870
  15      1.67374236
  14      1.58877217
  13      1.34162359
  12      1.27305734
  11      1.20123185
  10      1.18642117
   9      0.82721558
   8      0.76468375
   7      0.24839936
   6      0.16931780
   5     -0.49512113
   4     -0.56044683
   3     -0.68118258
   2     -1.29797854
   1    -20.55253031
 Time taken for restricted Hartree-Fock:  0.0376s
 ----------
 MP2
 ----------
 Performing AO to MO ERI transformation...
 Calculating MP2 energy...
 MP2 correlation energy (Hartree):     -0.20644406
 Time taken for restricted MP2:  0.0931s
 ----------
 CCSD
 ----------
 Initialise CC intermediate tensors and DIIS auxilliary arrays...
 Forming energy denominator matrices...
 Allocating amplitude tensors...
 Forming ERI slices...
 Forming initial amplitude guesses...
 Allocating stored intermediate tensors...
 Time taken: 0.006823 s

 Initialisation done, now entering iterative CC solver...
 Iteration  1  -0.206444057716  0.015879 s
 Iteration  2  -0.209492461257  0.010843 s
 Iteration  3  -0.214641403829  0.010272 s
 Iteration  4  -0.215354409231  0.011733 s
 Iteration  5  -0.215375928482  0.011357 s
 Iteration  6  -0.215399964499  0.010899 s
 Iteration  7  -0.215394313822  0.010973 s
 Iteration  8  -0.215393809305  0.011420 s
 Iteration  9  -0.215393360491  0.010262 s
 Iteration 10  -0.215393241254  0.012171 s
 Iteration 11  -0.215393292257  0.010939 s
 Iteration 12  -0.215393281783  0.010364 s
 Convergence reached within tolerance.
 Final CCSD Energy (Hartree): -0.215393281783
 T1 diagnostic:  0.00633
 Time taken for restricted CCSD:  0.1455s
 ----------
 CCSD(T)
 ----------
 Restricted CCSD(T) correlation energy (Hartree):    -0.002981565
 Time taken for restricted CCSD(T):  0.0623s
 ================================================================
 Final energy breakdown
 E_HF:                     -75.9553726632
 E_MP2_corr:                -0.2064440577
 E_MP2:                    -76.1618167209
 E_CCSD_corr:               -0.2153932818
 E_CCSD:                   -76.1707659450
 E_(T):                     -0.0029815646
 E_CCSD(T):                -76.1737475096
 ----------------------------------------
 Total electronic energy:  -84.9753261973
 Nuclear repulsion:          8.8015786876
 Total energy:             -76.1737475096
 ================================================================
 Finished running on 15/02/2022 at 21:48:00

