 ================================================================
 A Fortran Electronic Structure Programme (AFESP)
 ================================================================
 Started running on 09/03/2022 at 10:24:30
 ----------------
 Integral read-in
 ----------------
 Getting number of basis functions...
 Allocating integral store...
 Reading overlap matrix...
 Reading kinetic integrals...
 Reading nuclear-electron integrals...
 Constructing core Hamiltonian...
 Reading two-body integrals...
 Done reading integrals!
 --------------------
 System information
 --------------------
 Number of electrons: 10
 Number of basis functions: 58
 Number of occupied orbitals: 10
 Number of virtual orbitals: 106
 E_nuc:  4.40078934E+00
 scf_e_tol: 1.00E-06
 scf_d_tol: 1.00E-07
 ccsd_e_tol: 1.00E-06
 ccsd_t_tol: 1.00E-07
 Number of SCF DIIS error matrices: 6
 Number of CCSD DIIS error matrices: 8
 Maximum number of SCF iterations: 150
 Maximum number of CCSD iterations: 200
 Printing out the input file...
------------------------------
&elsinput
calc_type="CCSD(T)_spinorb",
scf_e_tol=1e-6,
scf_d_tol=1e-7,
scf_diis_n_errmat=6,
ccsd_e_tol=1e-6,
ccsd_t_tol=1e-7,
ccsd_diis_n_errmat=8,
scf_maxiter = 150,
ccsd_maxiter = 200,
write_fcidump = .false.,
scf_read_guess = .false.,
scf_write_guess = .false.
/
------------------------------
 Time taken for system initialisation:       0.59342414s
 -----------------------
 Restricted Hartree-Fock
 -----------------------
---------------------------------------------------------------------------
 Iteration        Energy           deltaE           delta RMS D      Time  
---------------------------------------------------------------------------
         1   -132.9046722190   -132.9046722190      2.1611379439   0.006723
         2    -54.7151109586     78.1895612603      7.0525978733   0.023252
         3    -96.4576192455    -41.7425082868      6.9156219430   0.027823
         4    -91.0738109252      5.3838083203      0.3332550773   0.023067
         5    -86.7491815161      4.3246294090      0.3504547769   0.024280
         6    -84.1218643372      2.6273171789      0.2204519615   0.023062
         7    -84.2988288012     -0.1769644640      0.1754816147   0.023720
         8    -80.0164942721      4.2823345291      0.3497354477   0.024576
         9    -78.4799770115      1.5365172606      0.2880658410   0.025116
        10    -80.1596970582     -1.6797200467      0.1423165304   0.026456
        11    -79.9316759261      0.2280211321      0.0430984593   0.022854
        12    -79.9985860318     -0.0669101057      0.0072443379   0.024655
        13    -79.9934711297      0.0051149022      0.0013194494   0.028028
        14    -79.9960371131     -0.0025659835      0.0010948581   0.022979
        15    -79.9963583447     -0.0003212316      0.0045117315   0.023795
        16    -79.9961249889      0.0002333557      0.0111128094   0.024367
        17    -79.9962946117     -0.0001696228      0.0004960206   0.024270
        18    -79.9963215226     -0.0000269109      0.0001054643   0.023499
        19    -79.9963441778     -0.0000226552      0.0000172446   0.028231
        20    -79.9963447522     -0.0000005745      0.0000003100   0.025408
        21    -79.9963448162     -0.0000000639      0.0000002015   0.023265
        22    -79.9963447602      0.0000000560      0.0000000354   0.026954
---------------------------------------------------------------------------
 Convergence reached within tolerance.
 Final SCF Energy (Hartree):    -79.99634476
 Orbital energies (Hartree):
  58      8.22534338
  57      6.95332616
  56      6.78557920
  55      6.71051624
  54      6.70339203
  53      6.69789147
  52      5.63667660
  51      5.61294223
  50      5.59115355
  49      5.57122932
  48      5.56810500
  47      5.56459840
  46      5.55269284
  45      4.21659497
  44      4.17595479
  43      4.10655538
  42      4.05458424
  41      4.04991357
  40      3.82179760
  39      3.82109208
  38      3.81457545
  37      3.81132303
  36      3.53085356
  35      3.50879557
  34      3.41825570
  33      3.41707575
  32      3.40167871
  31      3.39452206
  30      3.38657286
  29      3.38656347
  28      3.38629401
  27      3.38627755
  26      2.56555506
  25      2.55224643
  24      1.90923958
  23      1.84613360
  22      1.77758903
  21      1.77405651
  20      1.77386086
  19      1.38753372
  18      1.05446894
  17      0.90787143
  16      0.90748136
  15      0.83595429
  14      0.76217294
  13      0.74317938
  12      0.73942682
  11      0.69434458
  10      0.67857290
   9      0.39045857
   8      0.36973423
   7     -0.02179298
   6     -0.04420858
   5     -0.41416314
   4     -0.42979124
   3     -0.51535738
   2     -1.20182713
   1    -20.66414128
 Time taken for restricted Hartree-Fock:       0.52673954s
 ----------
 MP2
 ----------
 Performing AO to MO ERI transformation...
 Calculating MP2 energy...
 MP2 correlation energy (Hartree):     -0.38613536
 Time taken for restricted MP2:       0.44246864s
 ----------
 CCSD
 ----------
 Forming antisymmetrised spinorbital ERIs...
 Time taken: 1.220175 s

 Checking that the permuational symmetry of the antisymmetrised integrals hold...
 Time taken: 0.393366 s

 Forming slices of antisymmetrised spinorbital ERIs
 Time taken: 0.287573 s

 Initialise CC intermediate tensors and DIIS auxilliary arrays...
 Forming energy denominator matrices...
 Allocating amplitude tensors...
 Forming ERI slices...
 Forming initial amplitude guesses...
 Allocating stored intermediate tensors...
 Time taken: 0.192609 s

 Initialisation done, now entering iterative CC solver...
---------------------------------------------------------------------------
 Iteration        Energy           deltaE          delta RMS T2      Time  
---------------------------------------------------------------------------
       MP1   -0.386135363208   -0.386135363208    0.917174059888
         1   -0.331674836863    0.054460526345    0.128908157818   2.943025
         2   -0.390478488421   -0.058803651558    0.068632045722   2.735236
         3   -0.381265128857    0.009213359563    0.004888795460   2.484047
         4   -0.396500056485   -0.015234927627    0.030044367613   2.229824
         5   -0.397939514700   -0.001439458215    0.001060618181   2.230514
         6   -0.398695698611   -0.000756183911    0.001659895847   2.435956
         7   -0.399405596620   -0.000709898009    0.000893700960   2.323562
         8   -0.399776059976   -0.000370463356    0.000207975104   2.286565
         9   -0.399793251048   -0.000017191072    0.000002867858   2.399645
        10   -0.399779323727    0.000013927321    0.000000129381   2.348651
        11   -0.399787377662   -0.000008053936    0.000000027012   2.445740
        12   -0.399789278749   -0.000001901087    0.000000008364   2.316089
        13   -0.399789204291    0.000000074457    0.000000000211   2.315458
        14   -0.399789356670   -0.000000152378    0.000000000015   2.237705
        15   -0.399789132649    0.000000224020    0.000000000017   2.282776
        16   -0.399789123462    0.000000009187    0.000000000000   2.305836
        17   -0.399789128356   -0.000000004894    0.000000000000   2.278977
        18   -0.399789133164   -0.000000004808    0.000000000000   2.315526
        19   -0.399789132814    0.000000000351    0.000000000000   2.290450
---------------------------------------------------------------------------
 Convergence reached within tolerance.
 Final CCSD Energy (Hartree): -0.399789132814
 Time taken for unrestricted CCSD:      47.32702637s
 ----------
 CCSD(T)
 ----------
 Unrestricted CCSD(T) correlation energy (Hartree):    -0.434032756
 Time taken for unrestricted CCSD(T):     122.99818420s
 ================================================================
 Final energy breakdown
 RHF energy:                      -75.5955554164
 MP2 correlation energy:           -0.3861353632
 MP2 energy:                      -75.9816907796
 CCSD correlation energy:          -0.3997891328
 CCSD energy:                     -75.9953445492
 CCSD(T) correlation energy:       -0.4340327558
 CCSD(T) energy:                  -76.0295881722
 -----------------------------------------------
 Total electronic energy:         -80.4303775161
 Nuclear repulsion:                 4.4007893438
 Total energy:                    -76.0295881722
 ================================================================
 Finished running on 09/03/2022 at 10:27:22
 Total execution time:     171.88941786
