 ================================================================
 A Fortran Electronic Structure Programme (AFESP)
 ================================================================
 Started running on 15/02/2022 at 21:48:03
 ----------------
 Integral read-in
 ----------------
 Getting number of basis functions...
 Allocating integral store...
 Reading overlap matrix...
 Reading kinetic integrals...
 Reading nuclear-electron integrals...
 Constructing core Hamiltonian...
 Reading two-body integrals...
 Done reading integrals!
 --------------------
 System information
 --------------------
 Number of electrons: 10
 Number of basis functions: 24
 Number of occupied orbitals: 5
 Number of virtual orbitals: 19
 E_nuc:  7.33464891E+00
 scf_e_tol: 1.00E-06
 scf_d_tol: 1.00E-07
 ccsd_e_tol: 1.00E-06
 ccsd_t_tol: 1.00E-07
 Time taken for system initialisation:  0.0317s
 -----------------------
 Restricted Hartree-Fock
 -----------------------
 Iteration   1  -132.92084599
 Iteration   2   -64.80318320
 Iteration   3   -84.06411265
 Iteration   4   -85.42966849
 Iteration   5   -85.10615290
 Iteration   6   -83.48449083
 Iteration   7   -83.07265879
 Iteration   8   -83.19178380
 Iteration   9   -83.21135086
 Iteration  10   -83.21003786
 Iteration  11   -83.21017494
 Iteration  12   -83.21015957
 Iteration  13   -83.21016170
 Iteration  14   -83.21016227
 Convergence reached within tolerance.
 Final SCF Energy (Hartree):    -83.21016222
 Orbital energies (Hartree):
  24      3.93415921
  23      3.63892179
  22      3.24785620
  21      3.16995147
  20      3.13777836
  19      2.18894609
  18      2.06784607
  17      1.85441361
  16      1.78359142
  15      1.73234659
  14      1.57632678
  13      1.36086725
  12      1.30267147
  11      1.18165314
  10      1.17961507
   9      0.68787924
   8      0.67024296
   7      0.20277193
   6      0.12854168
   5     -0.48880978
   4     -0.52522021
   3     -0.59426566
   2     -1.22838387
   1    -20.58224468
 Time taken for restricted Hartree-Fock:  0.0376s
 ----------
 MP2
 ----------
 Performing AO to MO ERI transformation...
 Calculating MP2 energy...
 MP2 correlation energy (Hartree):     -0.22141773
 Time taken for restricted MP2:  0.0998s
 ----------
 CCSD
 ----------
 Initialise CC intermediate tensors and DIIS auxilliary arrays...
 Forming energy denominator matrices...
 Allocating amplitude tensors...
 Forming ERI slices...
 Forming initial amplitude guesses...
 Allocating stored intermediate tensors...
 Time taken: 0.007460 s

 Initialisation done, now entering iterative CC solver...
 Iteration  1  -0.221417727896  0.015174 s
 Iteration  2  -0.221049711887  0.010836 s
 Iteration  3  -0.229387345302  0.010865 s
 Iteration  4  -0.231685265839  0.009369 s
 Iteration  5  -0.231778795954  0.010904 s
 Iteration  6  -0.231862108756  0.010926 s
 Iteration  7  -0.231844389149  0.011141 s
 Iteration  8  -0.231845021550  0.007112 s
 Iteration  9  -0.231843037153  0.009576 s
 Iteration 10  -0.231842728669  0.008211 s
 Iteration 11  -0.231842790645  0.011154 s
 Iteration 12  -0.231842696276  0.012518 s
 Iteration 13  -0.231842704292  0.012153 s
 Iteration 14  -0.231842695143  0.012089 s
 Convergence reached within tolerance.
 Final CCSD Energy (Hartree): -0.231842695143
 T1 diagnostic:  0.01191
 Time taken for restricted CCSD:  0.1615s
 ----------
 CCSD(T)
 ----------
 Restricted CCSD(T) correlation energy (Hartree):    -0.003941280
 Time taken for restricted CCSD(T):  0.0930s
 ================================================================
 Final energy breakdown
 E_HF:                     -75.8755133179
 E_MP2_corr:                -0.2214177279
 E_MP2:                    -76.0969310457
 E_CCSD_corr:               -0.2318426951
 E_CCSD:                   -76.1073560130
 E_(T):                     -0.0039412799
 E_CCSD(T):                -76.1112972929
 ----------------------------------------
 Total electronic energy:  -83.4459461992
 Nuclear repulsion:          7.3346489064
 Total energy:             -76.1112972929
 ================================================================
 Finished running on 15/02/2022 at 21:48:04

